Teacher's solution
a[i-1] = 0 - a[i] = 4 - 6
a[i-1] = 4 - a[i] = 6 - 6
a[i-1] = 6 - a[i] = 10 - 4
a[i-1] = 10 - a[i] = 3 - 3
a[i-1] = 3 - a[i] = 9 - 11
a[i-1] = 9 - a[i] = 12 - 4
a[i-1] = 12 - a[i] = 2 - 7
a[i-1] = 2 - a[i] = 8 - 15
a[i-1] = 8 - a[i] = 0 - 11
67
My solution
a[i-1] = 0 - a[i] = 4 - 6
a[i-1] = 4 - a[i] = 3 - 3
a[i-1] = 3 - a[i] = 9 - 11
a[i-1] = 9 - a[i] = 6 - 7
a[i-1] = 6 - a[i] = 12 - 4
a[i-1] = 12 - a[i] = 10 - 8
a[i-1] = 10 - a[i] = 2 - 5
a[i-1] = 2 - a[i] = 8 - 15
a[i-1] = 8 - a[i] = 0 - 11
70
Testing

70